<?xml version="1.0" encoding="UTF-8"?>
<!-- Generated by org.testng.reporters.JUnitXMLReporter -->
<testsuite ignored="0" hostname="DESKTOP-G73396H" failures="0" tests="5" name="Smoke testing" time="16.826" errors="0" timestamp="2023-07-18T08:26:12 EEST">
  <testcase classname="tests.BookingTests" name="bookingChangeAdditional" time="7.57"/>
  <testcase classname="tests.BookingTests" name="bookingChangePrice" time="2.524"/>
  <testcase classname="tests.BookingTests" name="bookingDelete" time="2.313"/>
  <testcase classname="tests.BookingTests" name="bookingGetTest" time="0.944"/>
  <testcase classname="tests.BookingTests" name="bookingPostTest" time="0.851"/>
</testsuite> <!-- Smoke testing -->
