<?xml version="1.0" encoding="UTF-8"?>
<testsuite xmlns:xsi="http://www.w3.org/2001/XMLSchema-instance" xsi:noNamespaceSchemaLocation="https://maven.apache.org/surefire/maven-surefire-plugin/xsd/surefire-test-report-3.0.xsd" version="3.0" name="TestSuite" time="19.413" tests="5" errors="0" skipped="0" failures="0">
  <properties>
[...]
</properties>
  <testcase name="bookingChangeAdditional" classname="tests.BookingTests" time="7.632">
    <system-out><![CDATA[1310
Request method:	PUT
Request URI:	https://restful-booker.herokuapp.com/booking/1310%7D
Proxy:			<none>
Request params:	<none>
Query params:	<none>
Form params:	<none>
Path params:	<none>
Headers:		Accept=application/json
				Content-Type=application/json
Cookies:		token=487da40a05e4850
Multiparts:		<none>
Body:
{
    "firstname": "New Name",
    "lastname": "New Surname",
    "totalprice": 111,
    "depositpaid": true,
    "bookingdates": {
        "checkin": "2023-07-23",
        "checkout": "2023-07-30"
    },
    "additionalneeds": "New need: Resting all day"
}
{
    "firstname": "New Name",
    "lastname": "New Surname",
    "totalprice": 111,
    "depositpaid": true,
    "bookingdates": {
        "checkin": "2023-07-23",
        "checkout": "2023-07-30"
    },
    "additionalneeds": "New need: Resting all day"
}
]]></system-out>
    <system-err><![CDATA[SLF4J: Failed to load class "org.slf4j.impl.StaticLoggerBinder".
SLF4J: Defaulting to no-operation (NOP) logger implementation
SLF4J: See http://www.slf4j.org/codes.html#StaticLoggerBinder for further details.
]]></system-err>
  </testcase>
  <testcase name="bookingChangePrice" classname="tests.BookingTests" time="2.528">
    <system-out><![CDATA[1310
{
    "firstname": "New Name",
    "lastname": "New Surname",
    "totalprice": 5555777,
    "depositpaid": true,
    "bookingdates": {
        "checkin": "2023-07-23",
        "checkout": "2023-07-30"
    },
    "additionalneeds": "New need: Resting all day"
}
]]></system-out>
  </testcase>
  <testcase name="bookingDelete" classname="tests.BookingTests" time="2.318">
    <system-out><![CDATA[1310
Created
]]></system-out>
  </testcase>
  <testcase name="bookingGetTest" classname="tests.BookingTests" time="1.305">
    <system-out><![CDATA[[
    {
        "bookingid": 1075
    },
    {
        "bookingid": 1037
    },
    {
        "bookingid": 19
    },
    {
        "bookingid": 1155
    },
    {
        "bookingid": 419
    },
    {
        "bookingid": 814
    },
    {
        "bookingid": 1115
    },
    {
        "bookingid": 1114
    },
    {
        "bookingid": 577
    },
    {
        "bookingid": 608
    },
    {
        "bookingid": 1739
    },
    {
        "bookingid": 256
    },
    {
        "bookingid": 237
    },
    {
        "bookingid": 201
    },
    {
        "bookingid": 1109
    },
    {
        "bookingid": 1170
    },
    {
        "bookingid": 123
    },
    {
        "bookingid": 706
    },
    {
        "bookingid": 845
    },
    {
        "bookingid": 152
    },
    {
        "bookingid": 1131
    },
    {
        "bookingid": 971
    },
    {
        "bookingid": 1856
    },
    {
        "bookingid": 1428
    },
    {
        "bookingid": 66
    },
    {
        "bookingid": 382
    },
    {
        "bookingid": 1817
    },
    {
        "bookingid": 1715
    },
    {
        "bookingid": 368
    },
    {
        "bookingid": 892
    },
    {
        "bookingid": 1264
    },
    {
        "bookingid": 1134
    },
    {
        "bookingid": 637
    },
    {
        "bookingid": 646
    },
    {
        "bookingid": 310
    },
    {
        "bookingid": 876
    },
    {
        "bookingid": 364
    },
    {
        "bookingid": 650
    },
    {
        "bookingid": 610
    },
    {
        "bookingid": 1393
    },
    {
        "bookingid": 1135
    },
    {
        "bookingid": 56
    },
    {
        "bookingid": 1318
    },
    {
        "bookingid": 1015
    },
    {
        "bookingid": 1494
    },
    {
        "bookingid": 623
    },
    {
        "bookingid": 508
    },
    {
        "bookingid": 819
    },
    {
        "bookingid": 1257
    },
    {
        "bookingid": 700
    },
    {
        "bookingid": 1703
    },
    {
        "bookingid": 1713
    },
    {
        "bookingid": 1116
    },
    {
        "bookingid": 147
    },
    {
        "bookingid": 1799
    },
    {
        "bookingid": 259
    },
    {
        "bookingid": 1652
    },
    {
        "bookingid": 1775
    },
    {
        "bookingid": 963
    },
    {
        "bookingid": 137
    },
    {
        "bookingid": 89
    },
    {
        "bookingid": 1438
    },
    {
        "bookingid": 283
    },
    {
        "bookingid": 957
    },
    {
        "bookingid": 606
    },
    {
        "bookingid": 999
    },
    {
        "bookingid": 151
    },
    {
        "bookingid": 1270
    },
    {
        "bookingid": 1512
    },
    {
        "bookingid": 1459
    },
    {
        "bookingid": 342
    },
    {
        "bookingid": 569
    },
    {
        "bookingid": 1359
    },
    {
        "bookingid": 1554
    },
    {
        "bookingid": 1772
    },
    {
        "bookingid": 1197
    },
    {
        "bookingid": 47
    },
    {
        "bookingid": 664
    },
    {
        "bookingid": 1462
    },
    {
        "bookingid": 1516
    },
    {
        "bookingid": 1347
    },
    {
        "bookingid": 520
    },
    {
        "bookingid": 620
    },
    {
        "bookingid": 488
    },
    {
        "bookingid": 102
    },
    {
        "bookingid": 1026
    },
    {
        "bookingid": 760
    },
    {
        "bookingid": 1331
    },
    {
        "bookingid": 1600
    },
    {
        "bookingid": 1706
    },
    {
        "bookingid": 811
    },
    {
        "bookingid": 244
    },
    {
        "bookingid": 613
    },
    {
        "bookingid": 988
    },
    {
        "bookingid": 369
    },
    {
        "bookingid": 827
    },
    {
        "bookingid": 682
    },
    {
        "bookingid": 271
    },
    {
        "bookingid": 1831
    },
    {
        "bookingid": 1129
    },
    {
        "bookingid": 784
    },
    {
        "bookingid": 17
    },
    {
        "bookingid": 812
    },
    {
        "bookingid": 1456
    },
    {
        "bookingid": 936
    },
    {
        "bookingid": 1190
    },
    {
        "bookingid": 627
    },
    {
        "bookingid": 499
    },
    {
        "bookingid": 1560
    },
    {
        "bookingid": 680
    },
    {
        "bookingid": 974
    },
    {
        "bookingid": 523
    },
    {
        "bookingid": 9
    },
    {
        "bookingid": 481
    },
    {
        "bookingid": 961
    },
    {
        "bookingid": 1810
    },
    {
        "bookingid": 1043
    },
    {
        "bookingid": 1105
    },
    {
        "bookingid": 90
    },
    {
        "bookingid": 221
    },
    {
        "bookingid": 191
    },
    {
        "bookingid": 28
    },
    {
        "bookingid": 548
    },
    {
        "bookingid": 278
    },
    {
        "bookingid": 8
    },
    {
        "bookingid": 967
    },
    {
        "bookingid": 319
    },
    {
        "bookingid": 1094
    },
    {
        "bookingid": 1754
    },
    {
        "bookingid": 592
    },
    {
        "bookingid": 540
    },
    {
        "bookingid": 1463
    },
    {
        "bookingid": 1532
    },
    {
        "bookingid": 593
    },
    {
        "bookingid": 966
    },
    {
        "bookingid": 140
    },
    {
        "bookingid": 842
    },
    {
        "bookingid": 1172
    },
    {
        "bookingid": 1632
    },
    {
        "bookingid": 425
    },
    {
        "bookingid": 972
    },
    {
        "bookingid": 11
    },
    {
        "bookingid": 1253
    },
    {
        "bookingid": 187
    },
    {
        "bookingid": 1515
    },
    {
        "bookingid": 1656
    },
    {
        "bookingid": 863
    },
    {
        "bookingid": 261
    },
    {
        "bookingid": 1820
    },
    {
        "bookingid": 1137
    },
    {
        "bookingid": 1228
    },
    {
        "bookingid": 1565
    },
    {
        "bookingid": 1636
    },
    {
        "bookingid": 334
    },
    {
        "bookingid": 115
    },
    {
        "bookingid": 1413
    },
    {
        "bookingid": 941
    },
    {
        "bookingid": 1148
    },
    {
        "bookingid": 927
    },
    {
        "bookingid": 549
    },
    {
        "bookingid": 1300
    },
    {
        "bookingid": 213
    },
    {
        "bookingid": 22
    },
    {
        "bookingid": 188
    },
    {
        "bookingid": 1437
    },
    {
        "bookingid": 774
    },
    {
        "bookingid": 1540
    },
    {
        "bookingid": 1171
    },
    {
        "bookingid": 528
    },
    {
        "bookingid": 1181
    },
    {
        "bookingid": 1661
    },
    {
        "bookingid": 708
    },
    {
        "bookingid": 525
    },
    {
        "bookingid": 163
    },
    {
        "bookingid": 1101
    },
    {
        "bookingid": 534
    },
    {
        "bookingid": 1008
    },
    {
        "bookingid": 459
    },
    {
        "bookingid": 853
    },
    {
        "bookingid": 1086
    },
    {
        "bookingid": 657
    },
    {
        "bookingid": 128
    },
    {
        "bookingid": 236
    },
    {
        "bookingid": 1458
    },
    {
        "bookingid": 475
    },
    {
        "bookingid": 1339
    },
    {
        "bookingid": 860
    },
    {
        "bookingid": 245
    },
    {
        "bookingid": 1533
    },
    {
        "bookingid": 489
    },
    {
        "bookingid": 1611
    },
    {
        "bookingid": 279
    },
    {
        "bookingid": 449
    },
    {
        "bookingid": 1343
    },
    {
        "bookingid": 908
    },
    {
        "bookingid": 792
    },
    {
        "bookingid": 744
    },
    {
        "bookingid": 42
    },
    {
        "bookingid": 925
    },
    {
        "bookingid": 1578
    },
    {
        "bookingid": 1569
    },
    {
        "bookingid": 1666
    },
    {
        "bookingid": 676
    },
    {
        "bookingid": 586
    },
    {
        "bookingid": 1778
    },
    {
        "bookingid": 781
    },
    {
        "bookingid": 450
    },
    {
        "bookingid": 1361
    },
    {
        "bookingid": 693
    },
    {
        "bookingid": 63
    },
    {
        "bookingid": 1671
    },
    {
        "bookingid": 199
    },
    {
        "bookingid": 74
    },
    {
        "bookingid": 1582
    },
    {
        "bookingid": 1337
    },
    {
        "bookingid": 211
    },
    {
        "bookingid": 1613
    },
    {
        "bookingid": 1485
    },
    {
        "bookingid": 639
    },
    {
        "bookingid": 921
    },
    {
        "bookingid": 1265
    },
    {
        "bookingid": 1854
    },
    {
        "bookingid": 346
    },
    {
        "bookingid": 436
    },
    {
        "bookingid": 780
    },
    {
        "bookingid": 673
    },
    {
        "bookingid": 887
    },
    {
        "bookingid": 1676
    },
    {
        "bookingid": 1432
    },
    {
        "bookingid": 1087
    },
    {
        "bookingid": 1667
    },
    {
        "bookingid": 885
    },
    {
        "bookingid": 1557
    },
    {
        "bookingid": 1773
    },
    {
        "bookingid": 1392
    },
    {
        "bookingid": 844
    },
    {
        "bookingid": 1199
    },
    {
        "bookingid": 212
    },
    {
        "bookingid": 1285
    },
    {
        "bookingid": 715
    },
    {
        "bookingid": 685
    },
    {
        "bookingid": 1786
    },
    {
        "bookingid": 1022
    },
    {
        "bookingid": 1501
    },
    {
        "bookingid": 915
    },
    {
        "bookingid": 1066
    },
    {
        "bookingid": 581
    },
    {
        "bookingid": 1433
    },
    {
        "bookingid": 181
    },
    {
        "bookingid": 579
    },
    {
        "bookingid": 1415
    },
    {
        "bookingid": 861
    },
    {
        "bookingid": 1762
    },
    {
        "bookingid": 300
    },
    {
        "bookingid": 1069
    },
    {
        "bookingid": 1201
    },
    {
        "bookingid": 190
    },
    {
        "bookingid": 183
    },
    {
        "bookingid": 1018
    },
    {
        "bookingid": 546
    },
    {
        "bookingid": 873
    },
    {
        "bookingid": 1410
    },
    {
        "bookingid": 167
    },
    {
        "bookingid": 153
    },
    {
        "bookingid": 239
    },
    {
        "bookingid": 1273
    },
    {
        "bookingid": 1587
    },
    {
        "bookingid": 277
    },
    {
        "bookingid": 1753
    },
    {
        "bookingid": 1813
    },
    {
        "bookingid": 741
    },
    {
        "bookingid": 1283
    },
    {
        "bookingid": 125
    },
    {
        "bookingid": 1186
    },
    {
        "bookingid": 555
    },
    {
        "bookingid": 1788
    },
    {
        "bookingid": 1159
    },
    {
        "bookingid": 677
    },
    {
        "bookingid": 143
    },
    {
        "bookingid": 991
    },
    {
        "bookingid": 1785
    },
    {
        "bookingid": 131
    },
    {
        "bookingid": 658
    },
    {
        "bookingid": 1562
    },
    {
        "bookingid": 1292
    },
    {
        "bookingid": 1175
    },
    {
        "bookingid": 1383
    },
    {
        "bookingid": 1621
    },
    {
        "bookingid": 1585
    },
    {
        "bookingid": 1629
    },
    {
        "bookingid": 879
    },
    {
        "bookingid": 1712
    },
    {
        "bookingid": 1839
    },
    {
        "bookingid": 1239
    },
    {
        "bookingid": 178
    },
    {
        "bookingid": 1350
    },
    {
        "bookingid": 1165
    },
    {
        "bookingid": 1586
    },
    {
        "bookingid": 1492
    },
    {
        "bookingid": 896
    },
    {
        "bookingid": 1825
    },
    {
        "bookingid": 684
    },
    {
        "bookingid": 526
    },
    {
        "bookingid": 501
    },
    {
        "bookingid": 1049
    },
    {
        "bookingid": 649
    },
    {
        "bookingid": 1354
    },
    {
        "bookingid": 65
    },
    {
        "bookingid": 494
    },
    {
        "bookingid": 197
    },
    {
        "bookingid": 1065
    },
    {
        "bookingid": 62
    },
    {
        "bookingid": 870
    },
    {
        "bookingid": 734
    },
    {
        "bookingid": 995
    },
    {
        "bookingid": 699
    },
    {
        "bookingid": 1296
    },
    {
        "bookingid": 597
    },
    {
        "bookingid": 695
    },
    {
        "bookingid": 1274
    },
    {
        "bookingid": 1848
    },
    {
        "bookingid": 91
    },
    {
        "bookingid": 1082
    },
    {
        "bookingid": 1052
    },
    {
        "bookingid": 1811
    },
    {
        "bookingid": 1068
    },
    {
        "bookingid": 516
    },
    {
        "bookingid": 687
    },
    {
        "bookingid": 1146
    },
    {
        "bookingid": 387
    },
    {
        "bookingid": 326
    },
    {
        "bookingid": 1697
    },
    {
        "bookingid": 1301
    },
    {
        "bookingid": 709
    },
    {
        "bookingid": 1440
    },
    {
        "bookingid": 591
    },
    {
        "bookingid": 474
    },
    {
        "bookingid": 1092
    },
    {
        "bookingid": 1384
    },
    {
        "bookingid": 1147
    },
    {
        "bookingid": 1407
    },
    {
        "bookingid": 37
    },
    {
        "bookingid": 1630
    },
    {
        "bookingid": 984
    },
    {
        "bookingid": 1581
    },
    {
        "bookingid": 769
    },
    {
        "bookingid": 80
    },
    {
        "bookingid": 926
    },
    {
        "bookingid": 1690
    },
    {
        "bookingid": 304
    },
    {
        "bookingid": 410
    },
    {
        "bookingid": 1725
    },
    {
        "bookingid": 417
    },
    {
        "bookingid": 1733
    },
    {
        "bookingid": 761
    },
    {
        "bookingid": 1837
    },
    {
        "bookingid": 134
    },
    {
        "bookingid": 519
    },
    {
        "bookingid": 119
    },
    {
        "bookingid": 663
    },
    {
        "bookingid": 1547
    },
    {
        "bookingid": 1176
    },
    {
        "bookingid": 1714
    },
    {
        "bookingid": 1751
    },
    {
        "bookingid": 1638
    },
    {
        "bookingid": 1852
    },
    {
        "bookingid": 1225
    },
    {
        "bookingid": 414
    },
    {
        "bookingid": 18
    },
    {
        "bookingid": 652
    },
    {
        "bookingid": 568
    },
    {
        "bookingid": 1757
    },
    {
        "bookingid": 139
    },
    {
        "bookingid": 228
    },
    {
        "bookingid": 343
    },
    {
        "bookingid": 596
    },
    {
        "bookingid": 33
    },
    {
        "bookingid": 1234
    },
    {
        "bookingid": 1330
    },
    {
        "bookingid": 1529
    },
    {
        "bookingid": 1768
    },
    {
        "bookingid": 306
    },
    {
        "bookingid": 1698
    },
    {
        "bookingid": 281
    },
    {
        "bookingid": 1033
    },
    {
        "bookingid": 667
    },
    {
        "bookingid": 954
    },
    {
        "bookingid": 384
    },
    {
        "bookingid": 1198
    },
    {
        "bookingid": 124
    },
    {
        "bookingid": 157
    },
    {
        "bookingid": 1833
    },
    {
        "bookingid": 1823
    },
    {
        "bookingid": 1633
    },
    {
        "bookingid": 832
    },
    {
        "bookingid": 835
    },
    {
        "bookingid": 1073
    },
    {
        "bookingid": 1128
    },
    {
        "bookingid": 216
    },
    {
        "bookingid": 1610
    },
    {
        "bookingid": 1220
    },
    {
        "bookingid": 169
    },
    {
        "bookingid": 92
    },
    {
        "bookingid": 1389
    },
    {
        "bookingid": 1386
    },
    {
        "bookingid": 1132
    },
    {
        "bookingid": 1598
    },
    {
        "bookingid": 1798
    },
    {
        "bookingid": 507
    },
    {
        "bookingid": 1123
    },
    {
        "bookingid": 77
    },
    {
        "bookingid": 141
    },
    {
        "bookingid": 260
    },
    {
        "bookingid": 1803
    },
    {
        "bookingid": 1374
    },
    {
        "bookingid": 537
    },
    {
        "bookingid": 789
    },
    {
        "bookingid": 1538
    },
    {
        "bookingid": 1236
    },
    {
        "bookingid": 227
    },
    {
        "bookingid": 1566
    },
    {
        "bookingid": 12
    },
    {
        "bookingid": 356
    },
    {
        "bookingid": 1718
    },
    {
        "bookingid": 1205
    },
    {
        "bookingid": 514
    },
    {
        "bookingid": 1261
    },
    {
        "bookingid": 371
    },
    {
        "bookingid": 1791
    },
    {
        "bookingid": 1824
    },
    {
        "bookingid": 670
    },
    {
        "bookingid": 313
    },
    {
        "bookingid": 1030
    },
    {
        "bookingid": 583
    },
    {
        "bookingid": 1102
    },
    {
        "bookingid": 1293
    },
    {
        "bookingid": 1040
    },
    {
        "bookingid": 176
    },
    {
        "bookingid": 1284
    },
    {
        "bookingid": 862
    },
    {
        "bookingid": 486
    },
    {
        "bookingid": 1496
    },
    {
        "bookingid": 1005
    },
    {
        "bookingid": 628
    },
    {
        "bookingid": 1573
    },
    {
        "bookingid": 289
    },
    {
        "bookingid": 1688
    },
    {
        "bookingid": 249
    },
    {
        "bookingid": 1781
    },
    {
        "bookingid": 1338
    },
    {
        "bookingid": 34
    },
    {
        "bookingid": 1821
    },
    {
        "bookingid": 1605
    },
    {
        "bookingid": 1722
    },
    {
        "bookingid": 93
    },
    {
        "bookingid": 1550
    },
    {
        "bookingid": 1163
    },
    {
        "bookingid": 1734
    },
    {
        "bookingid": 1080
    },
    {
        "bookingid": 1445
    },
    {
        "bookingid": 1518
    },
    {
        "bookingid": 59
    },
    {
        "bookingid": 158
    },
    {
        "bookingid": 20
    },
    {
        "bookingid": 694
    },
    {
        "bookingid": 55
    },
    {
        "bookingid": 1818
    },
    {
        "bookingid": 790
    },
    {
        "bookingid": 867
    },
    {
        "bookingid": 122
    },
    {
        "bookingid": 301
    },
    {
        "bookingid": 1263
    },
    {
        "bookingid": 1378
    },
    {
        "bookingid": 1427
    },
    {
        "bookingid": 641
    },
    {
        "bookingid": 1401
    },
    {
        "bookingid": 432
    },
    {
        "bookingid": 477
    },
    {
        "bookingid": 1808
    },
    {
        "bookingid": 955
    },
    {
        "bookingid": 1117
    },
    {
        "bookingid": 16
    },
    {
        "bookingid": 562
    },
    {
        "bookingid": 164
    },
    {
        "bookingid": 506
    },
    {
        "bookingid": 723
    },
    {
        "bookingid": 1448
    },
    {
        "bookingid": 1699
    },
    {
        "bookingid": 914
    },
    {
        "bookingid": 1056
    },
    {
        "bookingid": 1594
    },
    {
        "bookingid": 1686
    },
    {
        "bookingid": 1596
    },
    {
        "bookingid": 206
    },
    {
        "bookingid": 1544
    },
    {
        "bookingid": 1624
    },
    {
        "bookingid": 433
    },
    {
        "bookingid": 234
    },
    {
        "bookingid": 1721
    },
    {
        "bookingid": 352
    },
    {
        "bookingid": 336
    },
    {
        "bookingid": 939
    },
    {
        "bookingid": 906
    },
    {
        "bookingid": 170
    },
    {
        "bookingid": 777
    },
    {
        "bookingid": 619
    },
    {
        "bookingid": 1249
    },
    {
        "bookingid": 810
    },
    {
        "bookingid": 624
    },
    {
        "bookingid": 1563
    },
    {
        "bookingid": 1579
    },
    {
        "bookingid": 1736
    },
    {
        "bookingid": 1484
    },
    {
        "bookingid": 378
    },
    {
        "bookingid": 850
    },
    {
        "bookingid": 1434
    },
    {
        "bookingid": 327
    },
    {
        "bookingid": 803
    },
    {
        "bookingid": 615
    },
    {
        "bookingid": 1372
    },
    {
        "bookingid": 1502
    },
    {
        "bookingid": 1373
    },
    {
        "bookingid": 439
    },
    {
        "bookingid": 1845
    },
    {
        "bookingid": 1038
    },
    {
        "bookingid": 1728
    },
    {
        "bookingid": 1797
    },
    {
        "bookingid": 1759
    },
    {
        "bookingid": 398
    },
    {
        "bookingid": 173
    },
    {
        "bookingid": 1748
    },
    {
        "bookingid": 262
    },
    {
        "bookingid": 1325
    },
    {
        "bookingid": 1290
    },
    {
        "bookingid": 717
    },
    {
        "bookingid": 1545
    },
    {
        "bookingid": 1299
    },
    {
        "bookingid": 441
    },
    {
        "bookingid": 531
    },
    {
        "bookingid": 1010
    },
    {
        "bookingid": 740
    },
    {
        "bookingid": 1830
    },
    {
        "bookingid": 393
    },
    {
        "bookingid": 329
    },
    {
        "bookingid": 287
    },
    {
        "bookingid": 1353
    },
    {
        "bookingid": 161
    },
    {
        "bookingid": 1461
    },
    {
        "bookingid": 755
    },
    {
        "bookingid": 323
    },
    {
        "bookingid": 159
    },
    {
        "bookingid": 1291
    },
    {
        "bookingid": 655
    },
    {
        "bookingid": 50
    },
    {
        "bookingid": 980
    },
    {
        "bookingid": 674
    },
    {
        "bookingid": 1606
    },
    {
        "bookingid": 331
    },
    {
        "bookingid": 587
    },
    {
        "bookingid": 952
    },
    {
        "bookingid": 1412
    },
    {
        "bookingid": 272
    },
    {
        "bookingid": 500
    },
    {
        "bookingid": 1311
    },
    {
        "bookingid": 1034
    },
    {
        "bookingid": 1396
    },
    {
        "bookingid": 1156
    },
    {
        "bookingid": 571
    },
    {
        "bookingid": 1740
    },
    {
        "bookingid": 2
    },
    {
        "bookingid": 935
    },
    {
        "bookingid": 39
    },
    {
        "bookingid": 825
    },
    {
        "bookingid": 100
    },
    {
        "bookingid": 762
    },
    {
        "bookingid": 745
    },
    {
        "bookingid": 512
    },
    {
        "bookingid": 1178
    },
    {
        "bookingid": 79
    },
    {
        "bookingid": 793
    },
    {
        "bookingid": 54
    },
    {
        "bookingid": 231
    },
    {
        "bookingid": 1450
    },
    {
        "bookingid": 719
    },
    {
        "bookingid": 635
    },
    {
        "bookingid": 1139
    },
    {
        "bookingid": 1766
    },
    {
        "bookingid": 1827
    },
    {
        "bookingid": 1121
    },
    {
        "bookingid": 1724
    },
    {
        "bookingid": 575
    },
    {
        "bookingid": 482
    },
    {
        "bookingid": 1809
    },
    {
        "bookingid": 771
    },
    {
        "bookingid": 1478
    },
    {
        "bookingid": 726
    },
    {
        "bookingid": 1695
    },
    {
        "bookingid": 547
    },
    {
        "bookingid": 1710
    },
    {
        "bookingid": 366
    },
    {
        "bookingid": 1252
    },
    {
        "bookingid": 69
    },
    {
        "bookingid": 552
    },
    {
        "bookingid": 409
    },
    {
        "bookingid": 1651
    },
    {
        "bookingid": 325
    },
    {
        "bookingid": 1202
    },
    {
        "bookingid": 573
    },
    {
        "bookingid": 841
    },
    {
        "bookingid": 52
    },
    {
        "bookingid": 517
    },
    {
        "bookingid": 473
    },
    {
        "bookingid": 1118
    },
    {
        "bookingid": 1618
    },
    {
        "bookingid": 1590
    },
    {
        "bookingid": 1555
    },
    {
        "bookingid": 1514
    },
    {
        "bookingid": 645
    },
    {
        "bookingid": 1054
    },
    {
        "bookingid": 1050
    },
    {
        "bookingid": 1029
    },
    {
        "bookingid": 1616
    },
    {
        "bookingid": 452
    },
    {
        "bookingid": 907
    },
    {
        "bookingid": 1215
    },
    {
        "bookingid": 768
    },
    {
        "bookingid": 1074
    },
    {
        "bookingid": 712
    },
    {
        "bookingid": 1019
    },
    {
        "bookingid": 250
    },
    {
        "bookingid": 1614
    },
    {
        "bookingid": 1826
    },
    {
        "bookingid": 480
    },
    {
        "bookingid": 420
    },
    {
        "bookingid": 41
    },
    {
        "bookingid": 1678
    },
    {
        "bookingid": 254
    },
    {
        "bookingid": 505
    },
    {
        "bookingid": 200
    },
    {
        "bookingid": 46
    },
    {
        "bookingid": 1323
    },
    {
        "bookingid": 893
    },
    {
        "bookingid": 1551
    },
    {
        "bookingid": 1286
    },
    {
        "bookingid": 1834
    },
    {
        "bookingid": 350
    },
    {
        "bookingid": 1366
    },
    {
        "bookingid": 659
    },
    {
        "bookingid": 1380
    },
    {
        "bookingid": 1059
    },
    {
        "bookingid": 293
    },
    {
        "bookingid": 553
    },
    {
        "bookingid": 903
    },
    {
        "bookingid": 1677
    },
    {
        "bookingid": 1705
    },
    {
        "bookingid": 874
    },
    {
        "bookingid": 1851
    },
    {
        "bookingid": 220
    },
    {
        "bookingid": 1453
    },
    {
        "bookingid": 1635
    },
    {
        "bookingid": 1446
    },
    {
        "bookingid": 636
    },
    {
        "bookingid": 86
    },
    {
        "bookingid": 466
    },
    {
        "bookingid": 759
    },
    {
        "bookingid": 1164
    },
    {
        "bookingid": 1150
    },
    {
        "bookingid": 1307
    },
    {
        "bookingid": 922
    },
    {
        "bookingid": 1742
    },
    {
        "bookingid": 305
    },
    {
        "bookingid": 361
    },
    {
        "bookingid": 981
    },
    {
        "bookingid": 75
    },
    {
        "bookingid": 1644
    },
    {
        "bookingid": 630
    },
    {
        "bookingid": 30
    },
    {
        "bookingid": 113
    },
    {
        "bookingid": 772
    },
    {
        "bookingid": 1658
    },
    {
        "bookingid": 1031
    },
    {
        "bookingid": 1060
    },
    {
        "bookingid": 554
    },
    {
        "bookingid": 442
    },
    {
        "bookingid": 1669
    },
    {
        "bookingid": 539
    },
    {
        "bookingid": 456
    },
    {
        "bookingid": 171
    },
    {
        "bookingid": 121
    },
    {
        "bookingid": 129
    },
    {
        "bookingid": 423
    },
    {
        "bookingid": 1352
    },
    {
        "bookingid": 504
    },
    {
        "bookingid": 661
    },
    {
        "bookingid": 1419
    },
    {
        "bookingid": 349
    },
    {
        "bookingid": 267
    },
    {
        "bookingid": 802
    },
    {
        "bookingid": 1333
    },
    {
        "bookingid": 35
    },
    {
        "bookingid": 1558
    },
    {
        "bookingid": 1161
    },
    {
        "bookingid": 631
    },
    {
        "bookingid": 1674
    },
    {
        "bookingid": 1647
    },
    {
        "bookingid": 373
    },
    {
        "bookingid": 1232
    },
    {
        "bookingid": 1844
    },
    {
        "bookingid": 444
    },
    {
        "bookingid": 1210
    },
    {
        "bookingid": 733
    },
    {
        "bookingid": 697
    },
    {
        "bookingid": 1081
    },
    {
        "bookingid": 401
    },
    {
        "bookingid": 1815
    },
    {
        "bookingid": 1212
    },
    {
        "bookingid": 796
    },
    {
        "bookingid": 5
    },
    {
        "bookingid": 1774
    },
    {
        "bookingid": 177
    },
    {
        "bookingid": 877
    },
    {
        "bookingid": 111
    },
    {
        "bookingid": 852
    },
    {
        "bookingid": 1443
    },
    {
        "bookingid": 1499
    },
    {
        "bookingid": 672
    },
    {
        "bookingid": 1576
    },
    {
        "bookingid": 292
    },
    {
        "bookingid": 13
    },
    {
        "bookingid": 1287
    },
    {
        "bookingid": 10
    },
    {
        "bookingid": 1472
    },
    {
        "bookingid": 818
    },
    {
        "bookingid": 43
    },
    {
        "bookingid": 1654
    },
    {
        "bookingid": 1431
    },
    {
        "bookingid": 882
    },
    {
        "bookingid": 217
    },
    {
        "bookingid": 404
    },
    {
        "bookingid": 226
    },
    {
        "bookingid": 1608
    },
    {
        "bookingid": 1567
    },
    {
        "bookingid": 312
    },
    {
        "bookingid": 99
    },
    {
        "bookingid": 149
    },
    {
        "bookingid": 949
    },
    {
        "bookingid": 522
    },
    {
        "bookingid": 83
    },
    {
        "bookingid": 1267
    },
    {
        "bookingid": 1122
    },
    {
        "bookingid": 458
    },
    {
        "bookingid": 1691
    },
    {
        "bookingid": 1526
    },
    {
        "bookingid": 332
    },
    {
        "bookingid": 397
    },
    {
        "bookingid": 1643
    },
    {
        "bookingid": 829
    },
    {
        "bookingid": 918
    },
    {
        "bookingid": 946
    },
    {
        "bookingid": 242
    },
    {
        "bookingid": 1568
    },
    {
        "bookingid": 1021
    },
    {
        "bookingid": 529
    },
    {
        "bookingid": 1317
    },
    {
        "bookingid": 978
    },
    {
        "bookingid": 1593
    },
    {
        "bookingid": 1746
    },
    {
        "bookingid": 977
    },
    {
        "bookingid": 901
    },
    {
        "bookingid": 1483
    },
    {
        "bookingid": 1741
    },
    {
        "bookingid": 924
    },
    {
        "bookingid": 773
    },
    {
        "bookingid": 625
    },
    {
        "bookingid": 763
    },
    {
        "bookingid": 386
    },
    {
        "bookingid": 1404
    },
    {
        "bookingid": 1599
    },
    {
        "bookingid": 942
    },
    {
        "bookingid": 1792
    },
    {
        "bookingid": 112
    },
    {
        "bookingid": 1479
    },
    {
        "bookingid": 1188
    },
    {
        "bookingid": 934
    },
    {
        "bookingid": 118
    },
    {
        "bookingid": 1028
    },
    {
        "bookingid": 644
    },
    {
        "bookingid": 1414
    },
    {
        "bookingid": 1246
    },
    {
        "bookingid": 1390
    },
    {
        "bookingid": 1275
    },
    {
        "bookingid": 541
    },
    {
        "bookingid": 1103
    },
    {
        "bookingid": 902
    },
    {
        "bookingid": 1752
    },
    {
        "bookingid": 859
    },
    {
        "bookingid": 601
    },
    {
        "bookingid": 1096
    },
    {
        "bookingid": 57
    },
    {
        "bookingid": 94
    },
    {
        "bookingid": 1793
    },
    {
        "bookingid": 724
    },
    {
        "bookingid": 1719
    },
    {
        "bookingid": 1309
    },
    {
        "bookingid": 247
    },
    {
        "bookingid": 602
    },
    {
        "bookingid": 1402
    },
    {
        "bookingid": 849
    },
    {
        "bookingid": 511
    },
    {
        "bookingid": 184
    },
    {
        "bookingid": 970
    },
    {
        "bookingid": 1319
    },
    {
        "bookingid": 103
    },
    {
        "bookingid": 405
    },
    {
        "bookingid": 1303
    },
    {
        "bookingid": 1745
    },
    {
        "bookingid": 1650
    },
    {
        "bookingid": 1258
    },
    {
        "bookingid": 146
    },
    {
        "bookingid": 335
    },
    {
        "bookingid": 1340
    },
    {
        "bookingid": 558
    },
    {
        "bookingid": 518
    },
    {
        "bookingid": 561
    },
    {
        "bookingid": 1185
    },
    {
        "bookingid": 268
    },
    {
        "bookingid": 1238
    },
    {
        "bookingid": 392
    },
    {
        "bookingid": 940
    },
    {
        "bookingid": 438
    },
    {
        "bookingid": 898
    },
    {
        "bookingid": 1206
    },
    {
        "bookingid": 1469
    },
    {
        "bookingid": 1536
    },
    {
        "bookingid": 297
    },
    {
        "bookingid": 1642
    },
    {
        "bookingid": 29
    },
    {
        "bookingid": 1242
    },
    {
        "bookingid": 492
    },
    {
        "bookingid": 1784
    },
    {
        "bookingid": 998
    },
    {
        "bookingid": 338
    },
    {
        "bookingid": 355
    },
    {
        "bookingid": 589
    },
    {
        "bookingid": 493
    },
    {
        "bookingid": 1474
    },
    {
        "bookingid": 1520
    },
    {
        "bookingid": 909
    },
    {
        "bookingid": 1465
    },
    {
        "bookingid": 1683
    },
    {
        "bookingid": 353
    },
    {
        "bookingid": 406
    },
    {
        "bookingid": 40
    },
    {
        "bookingid": 530
    },
    {
        "bookingid": 476
    },
    {
        "bookingid": 609
    },
    {
        "bookingid": 273
    },
    {
        "bookingid": 1272
    },
    {
        "bookingid": 1306
    },
    {
        "bookingid": 1046
    },
    {
        "bookingid": 633
    },
    {
        "bookingid": 1009
    },
    {
        "bookingid": 556
    },
    {
        "bookingid": 1231
    },
    {
        "bookingid": 383
    },
    {
        "bookingid": 1398
    },
    {
        "bookingid": 1622
    },
    {
        "bookingid": 992
    },
    {
        "bookingid": 307
    },
    {
        "bookingid": 1460
    },
    {
        "bookingid": 205
    },
    {
        "bookingid": 1214
    },
    {
        "bookingid": 470
    },
    {
        "bookingid": 1312
    },
    {
        "bookingid": 1326
    },
    {
        "bookingid": 869
    },
    {
        "bookingid": 1510
    },
    {
        "bookingid": 455
    },
    {
        "bookingid": 1548
    },
    {
        "bookingid": 286
    },
    {
        "bookingid": 1420
    },
    {
        "bookingid": 1584
    },
    {
        "bookingid": 595
    },
    {
        "bookingid": 1737
    },
    {
        "bookingid": 337
    },
    {
        "bookingid": 72
    },
    {
        "bookingid": 823
    },
    {
        "bookingid": 36
    },
    {
        "bookingid": 73
    },
    {
        "bookingid": 253
    },
    {
        "bookingid": 1044
    },
    {
        "bookingid": 182
    },
    {
        "bookingid": 1602
    },
    {
        "bookingid": 104
    },
    {
        "bookingid": 108
    },
    {
        "bookingid": 427
    },
    {
        "bookingid": 1491
    },
    {
        "bookingid": 1480
    },
    {
        "bookingid": 1085
    },
    {
        "bookingid": 1255
    },
    {
        "bookingid": 1280
    },
    {
        "bookingid": 686
    },
    {
        "bookingid": 4
    },
    {
        "bookingid": 431
    },
    {
        "bookingid": 807
    },
    {
        "bookingid": 1183
    },
    {
        "bookingid": 1405
    },
    {
        "bookingid": 255
    },
    {
        "bookingid": 1045
    },
    {
        "bookingid": 1782
    },
    {
        "bookingid": 413
    },
    {
        "bookingid": 928
    },
    {
        "bookingid": 886
    },
    {
        "bookingid": 1488
    },
    {
        "bookingid": 1696
    },
    {
        "bookingid": 691
    },
    {
        "bookingid": 837
    },
    {
        "bookingid": 64
    },
    {
        "bookingid": 931
    },
    {
        "bookingid": 933
    },
    {
        "bookingid": 720
    },
    {
        "bookingid": 1368
    },
    {
        "bookingid": 732
    },
    {
        "bookingid": 1842
    },
    {
        "bookingid": 421
    },
    {
        "bookingid": 394
    },
    {
        "bookingid": 1007
    },
    {
        "bookingid": 116
    },
    {
        "bookingid": 1836
    },
    {
        "bookingid": 15
    },
    {
        "bookingid": 766
    },
    {
        "bookingid": 61
    },
    {
        "bookingid": 1076
    },
    {
        "bookingid": 1802
    },
    {
        "bookingid": 348
    },
    {
        "bookingid": 605
    },
    {
        "bookingid": 969
    },
    {
        "bookingid": 1245
    },
    {
        "bookingid": 288
    },
    {
        "bookingid": 1385
    },
    {
        "bookingid": 735
    },
    {
        "bookingid": 1025
    },
    {
        "bookingid": 701
    },
    {
        "bookingid": 70
    },
    {
        "bookingid": 1689
    },
    {
        "bookingid": 1124
    },
    {
        "bookingid": 385
    },
    {
        "bookingid": 738
    },
    {
        "bookingid": 782
    },
    {
        "bookingid": 883
    },
    {
        "bookingid": 1097
    },
    {
        "bookingid": 1278
    },
    {
        "bookingid": 1224
    },
    {
        "bookingid": 1013
    },
    {
        "bookingid": 1336
    },
    {
        "bookingid": 1332
    },
    {
        "bookingid": 354
    },
    {
        "bookingid": 1421
    },
    {
        "bookingid": 840
    },
    {
        "bookingid": 399
    },
    {
        "bookingid": 878
    },
    {
        "bookingid": 950
    },
    {
        "bookingid": 1521
    },
    {
        "bookingid": 1487
    },
    {
        "bookingid": 248
    },
    {
        "bookingid": 1099
    },
    {
        "bookingid": 614
    },
    {
        "bookingid": 1727
    },
    {
        "bookingid": 815
    },
    {
        "bookingid": 1604
    },
    {
        "bookingid": 776
    },
    {
        "bookingid": 1490
    },
    {
        "bookingid": 3
    },
    {
        "bookingid": 316
    },
    {
        "bookingid": 347
    },
    {
        "bookingid": 1154
    },
    {
        "bookingid": 1125
    },
    {
        "bookingid": 21
    },
    {
        "bookingid": 642
    },
    {
        "bookingid": 669
    },
    {
        "bookingid": 411
    },
    {
        "bookingid": 1850
    },
    {
        "bookingid": 1528
    },
    {
        "bookingid": 44
    },
    {
        "bookingid": 1553
    },
    {
        "bookingid": 87
    },
    {
        "bookingid": 96
    },
    {
        "bookingid": 962
    },
    {
        "bookingid": 416
    },
    {
        "bookingid": 535
    },
    {
        "bookingid": 754
    },
    {
        "bookingid": 1032
    },
    {
        "bookingid": 26
    },
    {
        "bookingid": 1302
    },
    {
        "bookingid": 1157
    },
    {
        "bookingid": 618
    },
    {
        "bookingid": 1504
    },
    {
        "bookingid": 53
    },
    {
        "bookingid": 1344
    },
    {
        "bookingid": 230
    },
    {
        "bookingid": 805
    },
    {
        "bookingid": 800
    },
    {
        "bookingid": 912
    },
    {
        "bookingid": 48
    },
    {
        "bookingid": 565
    },
    {
        "bookingid": 1110
    },
    {
        "bookingid": 1619
    },
    {
        "bookingid": 461
    },
    {
        "bookingid": 85
    },
    {
        "bookingid": 563
    },
    {
        "bookingid": 1672
    },
    {
        "bookingid": 750
    },
    {
        "bookingid": 1838
    },
    {
        "bookingid": 1747
    },
    {
        "bookingid": 753
    },
    {
        "bookingid": 919
    },
    {
        "bookingid": 1628
    },
    {
        "bookingid": 1063
    },
    {
        "bookingid": 1091
    },
    {
        "bookingid": 1769
    },
    {
        "bookingid": 1365
    },
    {
        "bookingid": 1455
    },
    {
        "bookingid": 1088
    },
    {
        "bookingid": 1592
    },
    {
        "bookingid": 101
    },
    {
        "bookingid": 1508
    },
    {
        "bookingid": 785
    },
    {
        "bookingid": 1362
    },
    {
        "bookingid": 49
    },
    {
        "bookingid": 705
    },
    {
        "bookingid": 665
    },
    {
        "bookingid": 1104
    },
    {
        "bookingid": 786
    },
    {
        "bookingid": 1763
    },
    {
        "bookingid": 269
    },
    {
        "bookingid": 1149
    },
    {
        "bookingid": 899
    },
    {
        "bookingid": 1495
    },
    {
        "bookingid": 836
    },
    {
        "bookingid": 175
    },
    {
        "bookingid": 185
    },
    {
        "bookingid": 284
    },
    {
        "bookingid": 1634
    },
    {
        "bookingid": 1704
    },
    {
        "bookingid": 1716
    },
    {
        "bookingid": 1143
    },
    {
        "bookingid": 1767
    },
    {
        "bookingid": 84
    },
    {
        "bookingid": 1327
    },
    {
        "bookingid": 76
    },
    {
        "bookingid": 1425
    },
    {
        "bookingid": 1846
    },
    {
        "bookingid": 727
    },
    {
        "bookingid": 1141
    },
    {
        "bookingid": 948
    },
    {
        "bookingid": 1805
    },
    {
        "bookingid": 451
    },
    {
        "bookingid": 993
    },
    {
        "bookingid": 1001
    },
    {
        "bookingid": 806
    },
    {
        "bookingid": 1250
    },
    {
        "bookingid": 1663
    },
    {
        "bookingid": 1442
    },
    {
        "bookingid": 1259
    },
    {
        "bookingid": 215
    },
    {
        "bookingid": 1241
    },
    {
        "bookingid": 469
    },
    {
        "bookingid": 275
    },
    {
        "bookingid": 1804
    },
    {
        "bookingid": 1760
    },
    {
        "bookingid": 1524
    },
    {
        "bookingid": 538
    },
    {
        "bookingid": 944
    },
    {
        "bookingid": 109
    },
    {
        "bookingid": 1527
    },
    {
        "bookingid": 127
    },
    {
        "bookingid": 830
    },
    {
        "bookingid": 1204
    },
    {
        "bookingid": 690
    },
    {
        "bookingid": 604
    },
    {
        "bookingid": 894
    },
    {
        "bookingid": 1549
    },
    {
        "bookingid": 263
    },
    {
        "bookingid": 467
    },
    {
        "bookingid": 1377
    },
    {
        "bookingid": 826
    },
    {
        "bookingid": 1221
    },
    {
        "bookingid": 6
    },
    {
        "bookingid": 1406
    },
    {
        "bookingid": 868
    },
    {
        "bookingid": 1779
    },
    {
        "bookingid": 1694
    },
    {
        "bookingid": 162
    },
    {
        "bookingid": 1729
    },
    {
        "bookingid": 426
    },
    {
        "bookingid": 1617
    },
    {
        "bookingid": 1682
    },
    {
        "bookingid": 1179
    },
    {
        "bookingid": 1057
    },
    {
        "bookingid": 795
    },
    {
        "bookingid": 1367
    },
    {
        "bookingid": 1572
    },
    {
        "bookingid": 1522
    },
    {
        "bookingid": 1680
    },
    {
        "bookingid": 891
    },
    {
        "bookingid": 1279
    },
    {
        "bookingid": 1321
    },
    {
        "bookingid": 1095
    },
    {
        "bookingid": 464
    },
    {
        "bookingid": 1111
    },
    {
        "bookingid": 296
    },
    {
        "bookingid": 224
    },
    {
        "bookingid": 1209
    },
    {
        "bookingid": 1016
    },
    {
        "bookingid": 985
    },
    {
        "bookingid": 756
    },
    {
        "bookingid": 1382
    },
    {
        "bookingid": 446
    },
    {
        "bookingid": 1247
    },
    {
        "bookingid": 403
    },
    {
        "bookingid": 958
    },
    {
        "bookingid": 1665
    },
    {
        "bookingid": 702
    },
    {
        "bookingid": 233
    },
    {
        "bookingid": 202
    },
    {
        "bookingid": 1219
    },
    {
        "bookingid": 295
    },
    {
        "bookingid": 155
    },
    {
        "bookingid": 341
    },
    {
        "bookingid": 135
    },
    {
        "bookingid": 1467
    },
    {
        "bookingid": 1371
    },
    {
        "bookingid": 1207
    },
    {
        "bookingid": 1348
    },
    {
        "bookingid": 208
    },
    {
        "bookingid": 60
    },
    {
        "bookingid": 1506
    },
    {
        "bookingid": 1345
    },
    {
        "bookingid": 1541
    },
    {
        "bookingid": 1685
    },
    {
        "bookingid": 1575
    },
    {
        "bookingid": 1297
    },
    {
        "bookingid": 317
    },
    {
        "bookingid": 447
    },
    {
        "bookingid": 1191
    },
    {
        "bookingid": 888
    },
    {
        "bookingid": 945
    },
    {
        "bookingid": 718
    },
    {
        "bookingid": 1726
    },
    {
        "bookingid": 679
    },
    {
        "bookingid": 834
    },
    {
        "bookingid": 1360
    },
    {
        "bookingid": 1166
    },
    {
        "bookingid": 193
    },
    {
        "bookingid": 357
    },
    {
        "bookingid": 1039
    },
    {
        "bookingid": 594
    },
    {
        "bookingid": 976
    },
    {
        "bookingid": 1509
    },
    {
        "bookingid": 580
    },
    {
        "bookingid": 607
    },
    {
        "bookingid": 311
    },
    {
        "bookingid": 997
    },
    {
        "bookingid": 196
    },
    {
        "bookingid": 1237
    },
    {
        "bookingid": 483
    },
    {
        "bookingid": 377
    },
    {
        "bookingid": 1394
    },
    {
        "bookingid": 1807
    },
    {
        "bookingid": 913
    },
    {
        "bookingid": 1503
    },
    {
        "bookingid": 640
    },
    {
        "bookingid": 739
    },
    {
        "bookingid": 424
    },
    {
        "bookingid": 1641
    },
    {
        "bookingid": 1534
    },
    {
        "bookingid": 298
    },
    {
        "bookingid": 1758
    },
    {
        "bookingid": 1539
    },
    {
        "bookingid": 713
    },
    {
        "bookingid": 1192
    },
    {
        "bookingid": 379
    },
    {
        "bookingid": 1004
    },
    {
        "bookingid": 986
    },
    {
        "bookingid": 1794
    },
    {
        "bookingid": 858
    },
    {
        "bookingid": 856
    },
    {
        "bookingid": 1349
    },
    {
        "bookingid": 617
    },
    {
        "bookingid": 1441
    },
    {
        "bookingid": 1169
    },
    {
        "bookingid": 1399
    },
    {
        "bookingid": 747
    },
    {
        "bookingid": 1449
    },
    {
        "bookingid": 987
    },
    {
        "bookingid": 81
    },
    {
        "bookingid": 1218
    },
    {
        "bookingid": 318
    },
    {
        "bookingid": 1282
    },
    {
        "bookingid": 1370
    },
    {
        "bookingid": 97
    },
    {
        "bookingid": 1014
    },
    {
        "bookingid": 794
    },
    {
        "bookingid": 751
    },
    {
        "bookingid": 376
    },
    {
        "bookingid": 725
    },
    {
        "bookingid": 1422
    },
    {
        "bookingid": 365
    },
    {
        "bookingid": 1216
    },
    {
        "bookingid": 711
    },
    {
        "bookingid": 567
    },
    {
        "bookingid": 145
    },
    {
        "bookingid": 1660
    },
    {
        "bookingid": 728
    },
    {
        "bookingid": 1620
    },
    {
        "bookingid": 865
    },
    {
        "bookingid": 1375
    },
    {
        "bookingid": 1
    },
    {
        "bookingid": 653
    },
    {
        "bookingid": 960
    },
    {
        "bookingid": 778
    },
    {
        "bookingid": 207
    },
    {
        "bookingid": 1648
    },
    {
        "bookingid": 1136
    },
    {
        "bookingid": 1639
    },
    {
        "bookingid": 1079
    },
    {
        "bookingid": 240
    },
    {
        "bookingid": 1230
    },
    {
        "bookingid": 1269
    },
    {
        "bookingid": 854
    },
    {
        "bookingid": 1061
    },
    {
        "bookingid": 1003
    },
    {
        "bookingid": 362
    },
    {
        "bookingid": 391
    },
    {
        "bookingid": 1477
    },
    {
        "bookingid": 1196
    },
    {
        "bookingid": 435
    },
    {
        "bookingid": 1356
    },
    {
        "bookingid": 1709
    },
    {
        "bookingid": 374
    },
    {
        "bookingid": 1226
    },
    {
        "bookingid": 543
    },
    {
        "bookingid": 7
    },
    {
        "bookingid": 495
    },
    {
        "bookingid": 1142
    },
    {
        "bookingid": 1475
    },
    {
        "bookingid": 1152
    },
    {
        "bookingid": 27
    },
    {
        "bookingid": 820
    },
    {
        "bookingid": 1668
    },
    {
        "bookingid": 219
    },
    {
        "bookingid": 817
    },
    {
        "bookingid": 692
    },
    {
        "bookingid": 847
    },
    {
        "bookingid": 1411
    },
    {
        "bookingid": 265
    },
    {
        "bookingid": 1182
    },
    {
        "bookingid": 1315
    },
    {
        "bookingid": 1053
    },
    {
        "bookingid": 1790
    },
    {
        "bookingid": 1193
    },
    {
        "bookingid": 1358
    },
    {
        "bookingid": 1470
    },
    {
        "bookingid": 322
    },
    {
        "bookingid": 465
    },
    {
        "bookingid": 31
    },
    {
        "bookingid": 585
    },
    {
        "bookingid": 746
    },
    {
        "bookingid": 24
    },
    {
        "bookingid": 189
    },
    {
        "bookingid": 460
    },
    {
        "bookingid": 1070
    },
    {
        "bookingid": 430
    },
    {
        "bookingid": 1316
    },
    {
        "bookingid": 1112
    },
    {
        "bookingid": 14
    },
    {
        "bookingid": 487
    },
    {
        "bookingid": 498
    },
    {
        "bookingid": 1426
    },
    {
        "bookingid": 106
    },
    {
        "bookingid": 1657
    },
    {
        "bookingid": 799
    },
    {
        "bookingid": 574
    }
]
]]></system-out>
  </testcase>
  <testcase name="bookingPostTest" classname="tests.BookingTests" time="0.554">
    <system-out><![CDATA[{
    "bookingid": 1865,
    "booking": {
        "firstname": "Jimmy",
        "lastname": "Jackson",
        "totalprice": 500,
        "depositpaid": true,
        "bookingdates": {
            "checkin": "2023-07-23",
            "checkout": "2023-07-30"
        },
        "additionalneeds": "Swimming in the pool"
    }
}
]]></system-out>
  </testcase>
</testsuite>