<?xml version="1.0" encoding="UTF-8"?>
<testng-results ignored="0" total="5" passed="5" failed="0" skipped="0">
  <reporter-output>
  </reporter-output>
  <suite started-at="2023-07-18T08:25:55 EEST" name="Automation tests with RestAssured" finished-at="2023-07-18T08:26:12 EEST" duration-ms="16826">
    <groups>
    </groups>
    <test started-at="2023-07-18T08:25:55 EEST" name="Smoke testing" finished-at="2023-07-18T08:26:12 EEST" duration-ms="16826">
      <class name="tests.BookingTests">
        <test-method is-config="true" signature="setUp()[pri:0, instance:tests.BookingTests@5226e402]" started-at="2023-07-18T08:25:55 EEST" name="setUp" finished-at="2023-07-18T08:25:57 EEST" duration-ms="2177" status="PASS">
          <reporter-output>
          </reporter-output>
        </test-method> <!-- setUp -->
        <test-method signature="bookingChangeAdditional()[pri:0, instance:tests.BookingTests@5226e402]" started-at="2023-07-18T08:25:58 EEST" name="bookingChangeAdditional" description="Testing Full Name and Additional Needs updating: positive" finished-at="2023-07-18T08:26:05 EEST" duration-ms="7570" status="PASS">
          <reporter-output>
          </reporter-output>
        </test-method> <!-- bookingChangeAdditional -->
        <test-method is-config="true" signature="setUp()[pri:0, instance:tests.BookingTests@5226e402]" started-at="2023-07-18T08:26:05 EEST" name="setUp" finished-at="2023-07-18T08:26:05 EEST" duration-ms="7" status="PASS">
          <reporter-output>
          </reporter-output>
        </test-method> <!-- setUp -->
        <test-method signature="bookingChangePrice()[pri:0, instance:tests.BookingTests@5226e402]" started-at="2023-07-18T08:26:05 EEST" name="bookingChangePrice" description="Testing Total Price updating: positive" finished-at="2023-07-18T08:26:08 EEST" duration-ms="2524" status="PASS">
          <reporter-output>
          </reporter-output>
        </test-method> <!-- bookingChangePrice -->
        <test-method is-config="true" signature="setUp()[pri:0, instance:tests.BookingTests@5226e402]" started-at="2023-07-18T08:26:08 EEST" name="setUp" finished-at="2023-07-18T08:26:08 EEST" duration-ms="4" status="PASS">
          <reporter-output>
          </reporter-output>
        </test-method> <!-- setUp -->
        <test-method signature="bookingDelete()[pri:0, instance:tests.BookingTests@5226e402]" started-at="2023-07-18T08:26:08 EEST" name="bookingDelete" description="Testing booking deleting: positive" finished-at="2023-07-18T08:26:10 EEST" duration-ms="2313" status="PASS">
          <reporter-output>
          </reporter-output>
        </test-method> <!-- bookingDelete -->
        <test-method is-config="true" signature="setUp()[pri:0, instance:tests.BookingTests@5226e402]" started-at="2023-07-18T08:26:10 EEST" name="setUp" finished-at="2023-07-18T08:26:10 EEST" duration-ms="2" status="PASS">
          <reporter-output>
          </reporter-output>
        </test-method> <!-- setUp -->
        <test-method signature="bookingGetTest()[pri:0, instance:tests.BookingTests@5226e402]" started-at="2023-07-18T08:26:10 EEST" name="bookingGetTest" description="Testing all booking getting: positive" finished-at="2023-07-18T08:26:11 EEST" duration-ms="944" status="PASS">
          <reporter-output>
          </reporter-output>
        </test-method> <!-- bookingGetTest -->
        <test-method is-config="true" signature="setUp()[pri:0, instance:tests.BookingTests@5226e402]" started-at="2023-07-18T08:26:11 EEST" name="setUp" finished-at="2023-07-18T08:26:11 EEST" duration-ms="3" status="PASS">
          <reporter-output>
          </reporter-output>
        </test-method> <!-- setUp -->
        <test-method signature="bookingPostTest()[pri:0, instance:tests.BookingTests@5226e402]" started-at="2023-07-18T08:26:11 EEST" name="bookingPostTest" description="Testing booking creating: positive" finished-at="2023-07-18T08:26:12 EEST" duration-ms="851" status="PASS">
          <reporter-output>
          </reporter-output>
        </test-method> <!-- bookingPostTest -->
      </class> <!-- tests.BookingTests -->
    </test> <!-- Smoke testing -->
  </suite> <!-- Automation tests with RestAssured -->
</testng-results>
